app/build/intermediates/manifest_merge_blame_file/debug/manifest-merger-blame-debug-report.txt
1<?xml version="1.0" encoding="utf-8"?>
2<manifest xmlns:android="http://schemas.android.com/apk/res/android"
3    package="com.example.firenotes"
4    android:versionCode="1"
5    android:versionName="1.0" >
6
7    <uses-sdk
8        android:minSdkVersion="23"
8-->src\main\AndroidManifest.xml
9        android:targetSdkVersion="30" />
9-->src\main\AndroidManifest.xml
10
11    <uses-permission android:name="android.permission.INTERNET" />
11-->[com.google.firebase:firebase-auth:20.0.2] AndroidManifest.xml:23:5-67
11-->[com.google.firebase:firebase-auth:20.0.2] AndroidManifest.xml:23:22-64
12    <uses-permission android:name="android.permission.ACCESS_NETWORK_STATE" />
12-->[com.google.firebase:firebase-auth:20.0.2] AndroidManifest.xml:24:5-79
12-->[com.google.firebase:firebase-auth:20.0.2] AndroidManifest.xml:24:22-76
13    <uses-permission android:name="android.permission.WAKE_LOCK" />
13-->[com.google.android.gms:play-services-measurement-api:18.0.2] AndroidManifest.xml:24:5-68
13-->[com.google.android.gms:play-services-measurement-api:18.0.2] AndroidManifest.xml:24:22-65
14    <uses-permission android:name="com.google.android.finsky.permission.BIND_GET_INSTALL_REFERRER_SERVICE" />
14-->[com.google.android.gms:play-services-measurement:18.0.2] AndroidManifest.xml:26:5-110
14-->[com.google.android.gms:play-services-measurement:18.0.2] AndroidManifest.xml:26:22-107
15
16    <application
16-->src\main\AndroidManifest.xml:5:5-28:19
17        android:allowBackup="true"
17-->src\main\AndroidManifest.xml:6:9-35
18        android:appComponentFactory="androidx.core.app.CoreComponentFactory"
18-->[androidx.core:core:1.3.1] AndroidManifest.xml:24:18-86
19        android:debuggable="true"
20        android:extractNativeLibs="false"
21        android:icon="@mipmap/ic_launcher"
21-->src\main\AndroidManifest.xml:7:9-43
22        android:label="@string/app_name"
22-->src\main\AndroidManifest.xml:8:9-41
23        android:roundIcon="@mipmap/ic_launcher_round"
23-->src\main\AndroidManifest.xml:9:9-54
24        android:supportsRtl="true"
24-->src\main\AndroidManifest.xml:10:9-35
25        android:testOnly="true"
26        android:theme="@style/Theme.Firenotes" >
26-->src\main\AndroidManifest.xml:11:9-47
27        <activity android:name="com.example.firenotes.EditNote" />
27-->src\main\AndroidManifest.xml:12:9-55
27-->src\main\AndroidManifest.xml:12:19-43
28        <activity
28-->src\main\AndroidManifest.xml:13:9-16:66
29            android:name="com.example.firenotes.AddNote"
29-->src\main\AndroidManifest.xml:14:13-36
30            android:label="@string/title_activity_add_note"
30-->src\main\AndroidManifest.xml:15:13-60
31            android:theme="@style/Theme.Firenotes.NoActionBar" />
31-->src\main\AndroidManifest.xml:16:13-63
32        <activity
32-->src\main\AndroidManifest.xml:17:9-20:66
33            android:name="com.example.firenotes.NoteDetails"
33-->src\main\AndroidManifest.xml:18:13-40
34            android:label="@string/title_activity_note_details"
34-->src\main\AndroidManifest.xml:19:13-64
35            android:theme="@style/Theme.Firenotes.NoActionBar" />
35-->src\main\AndroidManifest.xml:20:13-63
36        <activity android:name="com.example.firenotes.MainActivity" >
36-->src\main\AndroidManifest.xml:21:9-27:20
36-->src\main\AndroidManifest.xml:21:19-47
37            <intent-filter>
37-->src\main\AndroidManifest.xml:22:13-26:29
38                <action android:name="android.intent.action.MAIN" />
38-->src\main\AndroidManifest.xml:23:17-69
38-->src\main\AndroidManifest.xml:23:25-66
39
40                <category android:name="android.intent.category.LAUNCHER" />
40-->src\main\AndroidManifest.xml:25:17-77
40-->src\main\AndroidManifest.xml:25:27-74
41            </intent-filter>
42        </activity>
43        <activity
43-->[com.google.firebase:firebase-auth:20.0.2] AndroidManifest.xml:27:9-44:20
44            android:name="com.google.firebase.auth.internal.GenericIdpActivity"
44-->[com.google.firebase:firebase-auth:20.0.2] AndroidManifest.xml:28:13-80
45            android:excludeFromRecents="true"
45-->[com.google.firebase:firebase-auth:20.0.2] AndroidManifest.xml:29:13-46
46            android:exported="true"
46-->[com.google.firebase:firebase-auth:20.0.2] AndroidManifest.xml:30:13-36
47            android:launchMode="singleTask"
47-->[com.google.firebase:firebase-auth:20.0.2] AndroidManifest.xml:31:13-44
48            android:theme="@android:style/Theme.Translucent.NoTitleBar" >
48-->[com.google.firebase:firebase-auth:20.0.2] AndroidManifest.xml:32:13-72
49            <intent-filter>
49-->[com.google.firebase:firebase-auth:20.0.2] AndroidManifest.xml:33:13-43:29
50                <action android:name="android.intent.action.VIEW" />
50-->[com.google.firebase:firebase-auth:20.0.2] AndroidManifest.xml:34:17-69
50-->[com.google.firebase:firebase-auth:20.0.2] AndroidManifest.xml:34:25-66
51
52                <category android:name="android.intent.category.DEFAULT" />
52-->[com.google.firebase:firebase-auth:20.0.2] AndroidManifest.xml:36:17-76
52-->[com.google.firebase:firebase-auth:20.0.2] AndroidManifest.xml:36:27-73
53                <category android:name="android.intent.category.BROWSABLE" />
53-->[com.google.firebase:firebase-auth:20.0.2] AndroidManifest.xml:37:17-78
53-->[com.google.firebase:firebase-auth:20.0.2] AndroidManifest.xml:37:27-75
54
55                <data
55-->[com.google.firebase:firebase-auth:20.0.2] AndroidManifest.xml:39:17-42:51
56                    android:host="firebase.auth"
56-->[com.google.firebase:firebase-auth:20.0.2] AndroidManifest.xml:40:21-49
57                    android:path="/"
57-->[com.google.firebase:firebase-auth:20.0.2] AndroidManifest.xml:41:21-37
58                    android:scheme="genericidp" />
58-->[com.google.firebase:firebase-auth:20.0.2] AndroidManifest.xml:42:21-48
59            </intent-filter>
60        </activity>
61        <activity
61-->[com.google.firebase:firebase-auth:20.0.2] AndroidManifest.xml:45:9-62:20
62            android:name="com.google.firebase.auth.internal.RecaptchaActivity"
62-->[com.google.firebase:firebase-auth:20.0.2] AndroidManifest.xml:46:13-79
63            android:excludeFromRecents="true"
63-->[com.google.firebase:firebase-auth:20.0.2] AndroidManifest.xml:47:13-46
64            android:exported="true"
64-->[com.google.firebase:firebase-auth:20.0.2] AndroidManifest.xml:48:13-36
65            android:launchMode="singleTask"
65-->[com.google.firebase:firebase-auth:20.0.2] AndroidManifest.xml:49:13-44
66            android:theme="@android:style/Theme.Translucent.NoTitleBar" >
66-->[com.google.firebase:firebase-auth:20.0.2] AndroidManifest.xml:50:13-72
67            <intent-filter>
67-->[com.google.firebase:firebase-auth:20.0.2] AndroidManifest.xml:51:13-61:29
68                <action android:name="android.intent.action.VIEW" />
68-->[com.google.firebase:firebase-auth:20.0.2] AndroidManifest.xml:34:17-69
68-->[com.google.firebase:firebase-auth:20.0.2] AndroidManifest.xml:34:25-66
69
70                <category android:name="android.intent.category.DEFAULT" />
70-->[com.google.firebase:firebase-auth:20.0.2] AndroidManifest.xml:36:17-76
70-->[com.google.firebase:firebase-auth:20.0.2] AndroidManifest.xml:36:27-73
71                <category android:name="android.intent.category.BROWSABLE" />
71-->[com.google.firebase:firebase-auth:20.0.2] AndroidManifest.xml:37:17-78
71-->[com.google.firebase:firebase-auth:20.0.2] AndroidManifest.xml:37:27-75
72
73                <data
73-->[com.google.firebase:firebase-auth:20.0.2] AndroidManifest.xml:39:17-42:51
74                    android:host="firebase.auth"
74-->[com.google.firebase:firebase-auth:20.0.2] AndroidManifest.xml:40:21-49
75                    android:path="/"
75-->[com.google.firebase:firebase-auth:20.0.2] AndroidManifest.xml:41:21-37
76                    android:scheme="recaptcha" />
76-->[com.google.firebase:firebase-auth:20.0.2] AndroidManifest.xml:42:21-48
77            </intent-filter>
78        </activity>
79
80        <service
80-->[com.google.firebase:firebase-auth:20.0.2] AndroidManifest.xml:64:9-73:19
81            android:name="com.google.firebase.auth.api.fallback.service.FirebaseAuthFallbackService"
81-->[com.google.firebase:firebase-auth:20.0.2] AndroidManifest.xml:65:13-101
82            android:enabled="true"
82-->[com.google.firebase:firebase-auth:20.0.2] AndroidManifest.xml:66:13-35
83            android:exported="false" >
83-->[com.google.firebase:firebase-auth:20.0.2] AndroidManifest.xml:67:13-37
84            <intent-filter>
84-->[com.google.firebase:firebase-auth:20.0.2] AndroidManifest.xml:68:13-72:29
85                <action android:name="com.google.firebase.auth.api.gms.service.START" />
85-->[com.google.firebase:firebase-auth:20.0.2] AndroidManifest.xml:69:17-89
85-->[com.google.firebase:firebase-auth:20.0.2] AndroidManifest.xml:69:25-86
86
87                <category android:name="android.intent.category.DEFAULT" />
87-->[com.google.firebase:firebase-auth:20.0.2] AndroidManifest.xml:36:17-76
87-->[com.google.firebase:firebase-auth:20.0.2] AndroidManifest.xml:36:27-73
88            </intent-filter>
89        </service>
90        <service
90-->[com.google.firebase:firebase-auth:20.0.2] AndroidManifest.xml:74:9-80:19
91            android:name="com.google.firebase.components.ComponentDiscoveryService"
91-->[com.google.firebase:firebase-auth:20.0.2] AndroidManifest.xml:75:13-84
92            android:directBootAware="true"
92-->[com.google.firebase:firebase-common:19.5.0] AndroidManifest.xml:35:13-43
93            android:exported="false" >
93-->[com.google.firebase:firebase-auth:20.0.2] AndroidManifest.xml:76:13-37
94            <meta-data
94-->[com.google.firebase:firebase-auth:20.0.2] AndroidManifest.xml:77:13-79:85
95                android:name="com.google.firebase.components:com.google.firebase.auth.FirebaseAuthRegistrar"
95-->[com.google.firebase:firebase-auth:20.0.2] AndroidManifest.xml:78:17-109
96                android:value="com.google.firebase.components.ComponentRegistrar" />
96-->[com.google.firebase:firebase-auth:20.0.2] AndroidManifest.xml:79:17-82
97            <meta-data
97-->[com.google.firebase:firebase-firestore:22.0.2] AndroidManifest.xml:20:13-22:85
98                android:name="com.google.firebase.components:com.google.firebase.firestore.FirestoreRegistrar"
98-->[com.google.firebase:firebase-firestore:22.0.2] AndroidManifest.xml:21:17-111
99                android:value="com.google.firebase.components.ComponentRegistrar" />
99-->[com.google.firebase:firebase-firestore:22.0.2] AndroidManifest.xml:22:17-82
100            <meta-data
100-->[com.google.android.gms:play-services-measurement-api:18.0.2] AndroidManifest.xml:30:13-32:85
101                android:name="com.google.firebase.components:com.google.firebase.analytics.connector.internal.AnalyticsConnectorRegistrar"
101-->[com.google.android.gms:play-services-measurement-api:18.0.2] AndroidManifest.xml:31:17-139
102                android:value="com.google.firebase.components.ComponentRegistrar" />
102-->[com.google.android.gms:play-services-measurement-api:18.0.2] AndroidManifest.xml:32:17-82
103            <meta-data
103-->[com.google.firebase:firebase-installations:16.3.2] AndroidManifest.xml:17:13-19:85
104                android:name="com.google.firebase.components:com.google.firebase.installations.FirebaseInstallationsRegistrar"
104-->[com.google.firebase:firebase-installations:16.3.2] AndroidManifest.xml:18:17-127
105                android:value="com.google.firebase.components.ComponentRegistrar" />
105-->[com.google.firebase:firebase-installations:16.3.2] AndroidManifest.xml:19:17-82
106            <!--
107                This registrar is not defined in the dynamic-module-support sdk itself to allow non-firebase
108                clients to use it as well, by defining this registrar in their own core/common library.
109            -->
110            <meta-data
110-->[com.google.firebase:firebase-common:19.5.0] AndroidManifest.xml:43:13-45:85
111                android:name="com.google.firebase.components:com.google.firebase.dynamicloading.DynamicLoadingRegistrar"
111-->[com.google.firebase:firebase-common:19.5.0] AndroidManifest.xml:44:17-121
112                android:value="com.google.firebase.components.ComponentRegistrar" />
112-->[com.google.firebase:firebase-common:19.5.0] AndroidManifest.xml:45:17-82
113        </service>
114
115        <activity
115-->[com.google.android.gms:play-services-base:17.1.0] AndroidManifest.xml:23:9-26:75
116            android:name="com.google.android.gms.common.api.GoogleApiActivity"
116-->[com.google.android.gms:play-services-base:17.1.0] AndroidManifest.xml:24:13-79
117            android:exported="false"
117-->[com.google.android.gms:play-services-base:17.1.0] AndroidManifest.xml:25:13-37
118            android:theme="@android:style/Theme.Translucent.NoTitleBar" />
118-->[com.google.android.gms:play-services-base:17.1.0] AndroidManifest.xml:26:13-72
119
120        <provider
120-->[com.google.firebase:firebase-common:19.5.0] AndroidManifest.xml:26:9-31:39
121            android:name="com.google.firebase.provider.FirebaseInitProvider"
121-->[com.google.firebase:firebase-common:19.5.0] AndroidManifest.xml:27:13-77
122            android:authorities="com.example.firenotes.firebaseinitprovider"
122-->[com.google.firebase:firebase-common:19.5.0] AndroidManifest.xml:28:13-72
123            android:directBootAware="true"
123-->[com.google.firebase:firebase-common:19.5.0] AndroidManifest.xml:29:13-43
124            android:exported="false"
124-->[com.google.firebase:firebase-common:19.5.0] AndroidManifest.xml:30:13-37
125            android:initOrder="100" />
125-->[com.google.firebase:firebase-common:19.5.0] AndroidManifest.xml:31:13-36
126
127        <receiver
127-->[com.google.android.gms:play-services-measurement:18.0.2] AndroidManifest.xml:29:9-33:20
128            android:name="com.google.android.gms.measurement.AppMeasurementReceiver"
128-->[com.google.android.gms:play-services-measurement:18.0.2] AndroidManifest.xml:30:13-85
129            android:enabled="true"
129-->[com.google.android.gms:play-services-measurement:18.0.2] AndroidManifest.xml:31:13-35
130            android:exported="false" >
130-->[com.google.android.gms:play-services-measurement:18.0.2] AndroidManifest.xml:32:13-37
131        </receiver>
132
133        <service
133-->[com.google.android.gms:play-services-measurement:18.0.2] AndroidManifest.xml:35:9-38:40
134            android:name="com.google.android.gms.measurement.AppMeasurementService"
134-->[com.google.android.gms:play-services-measurement:18.0.2] AndroidManifest.xml:36:13-84
135            android:enabled="true"
135-->[com.google.android.gms:play-services-measurement:18.0.2] AndroidManifest.xml:37:13-35
136            android:exported="false" />
136-->[com.google.android.gms:play-services-measurement:18.0.2] AndroidManifest.xml:38:13-37
137        <service
137-->[com.google.android.gms:play-services-measurement:18.0.2] AndroidManifest.xml:39:9-43:72
138            android:name="com.google.android.gms.measurement.AppMeasurementJobService"
138-->[com.google.android.gms:play-services-measurement:18.0.2] AndroidManifest.xml:40:13-87
139            android:enabled="true"
139-->[com.google.android.gms:play-services-measurement:18.0.2] AndroidManifest.xml:41:13-35
140            android:exported="false"
140-->[com.google.android.gms:play-services-measurement:18.0.2] AndroidManifest.xml:42:13-37
141            android:permission="android.permission.BIND_JOB_SERVICE" />
141-->[com.google.android.gms:play-services-measurement:18.0.2] AndroidManifest.xml:43:13-69
142
143        <meta-data
143-->[com.google.android.gms:play-services-basement:17.1.0] AndroidManifest.xml:23:9-25:69
144            android:name="com.google.android.gms.version"
144-->[com.google.android.gms:play-services-basement:17.1.0] AndroidManifest.xml:24:13-58
145            android:value="@integer/google_play_services_version" />
145-->[com.google.android.gms:play-services-basement:17.1.0] AndroidManifest.xml:25:13-66
146    </application>
147
148</manifest>